[INFO ] 2026-04-22 11:57:36.696 [main] testlogcreation - success
[INFO ] 2026-04-22 12:00:37.118 [main] testlogcreation - Launching browser
[DEBUG] 2026-04-22 12:00:39.938 [main] testlogcreation - Maximizing window
[DEBUG] 2026-04-22 12:00:40.025 [main] testlogcreation - Setting implicit wait
[INFO ] 2026-04-22 12:00:40.030 [main] testlogcreation - Opening application URL
[INFO ] 2026-04-22 12:00:42.122 [main] testlogcreation - Starting login test
[DEBUG] 2026-04-22 12:00:42.122 [main] testlogcreation - Clicking login button
[DEBUG] 2026-04-22 12:00:42.285 [main] testlogcreation - Entering username
[DEBUG] 2026-04-22 12:00:42.536 [main] testlogcreation - Entering password
[DEBUG] 2026-04-22 12:00:42.638 [main] testlogcreation - Clicking login submit button
[INFO ] 2026-04-22 12:00:42.737 [main] testlogcreation - Verifying login success
[INFO ] 2026-04-22 12:00:44.513 [main] testlogcreation - Login successful
[INFO ] 2026-04-22 12:00:44.526 [main] testlogcreation - Closing browser
[INFO ] 2026-04-22 12:02:19.357 [main] testlogcreation - Launching browser
[DEBUG] 2026-04-22 12:02:21.829 [main] testlogcreation - Maximizing window
[DEBUG] 2026-04-22 12:02:21.915 [main] testlogcreation - Setting implicit wait
[INFO ] 2026-04-22 12:02:21.923 [main] testlogcreation - Opening application URL
[INFO ] 2026-04-22 12:02:23.062 [main] testlogcreation - Starting login test
[DEBUG] 2026-04-22 12:02:23.062 [main] testlogcreation - Clicking login button
[DEBUG] 2026-04-22 12:02:23.265 [main] testlogcreation - Entering username
[DEBUG] 2026-04-22 12:02:23.465 [main] testlogcreation - Entering password
[DEBUG] 2026-04-22 12:02:23.547 [main] testlogcreation - Clicking login submit button
[INFO ] 2026-04-22 12:02:23.644 [main] testlogcreation - Verifying login success
[WARN ] 2026-04-22 12:02:25.434 [main] testlogcreation - Login text mismatch: Welcome admin
[INFO ] 2026-04-22 12:02:25.445 [main] testlogcreation - Closing browser
[INFO ] 2026-04-22 12:05:45.716 [main] testlogcreation - Launching browser
[DEBUG] 2026-04-22 12:05:48.404 [main] testlogcreation - Maximizing window
[DEBUG] 2026-04-22 12:05:48.513 [main] testlogcreation - Setting implicit wait
[INFO ] 2026-04-22 12:05:48.521 [main] testlogcreation - Opening application URL
[INFO ] 2026-04-22 12:05:50.060 [main] testlogcreation - Starting login test
[DEBUG] 2026-04-22 12:05:50.060 [main] testlogcreation - Clicking login button
[DEBUG] 2026-04-22 12:05:50.233 [main] testlogcreation - Entering username
[DEBUG] 2026-04-22 12:05:50.480 [main] testlogcreation - Entering password
[DEBUG] 2026-04-22 12:05:50.568 [main] testlogcreation - Clicking login submit button
[ERROR] 2026-04-22 12:06:10.581 [main] testlogcreation - Test failed due to exception
org.openqa.selenium.NoSuchElementException: no such element: Unable to locate element: {"method":"xpath","selector":"//button[text()='Log i']"}
  (Session info: chrome=147.0.7727.102)
For documentation on this error, please visit: https://www.selenium.dev/documentation/webdriver/troubleshooting/errors#nosuchelementexception
Build info: version: '4.43.0', revision: 'dd0f534'
System info: os.name: 'Windows 11', os.arch: 'amd64', os.version: '10.0', java.version: '22.0.1'
Driver info: org.openqa.selenium.chrome.ChromeDriver
Command: [f1822cd142b0c38a0bbdcaa5a0d4b941, findElement {value=//button[text()='Log i'], using=xpath}]
Capabilities {acceptInsecureCerts: false, browserName: chrome, browserVersion: 147.0.7727.102, chrome: {chromedriverVersion: 147.0.7727.57 (b4f28b5637d0..., userDataDir: C:\Users\KRISHN~1\AppData\L...}, fedcm:accounts: true, goog:chromeOptions: {debuggerAddress: localhost:51005}, goog:processID: 25648, networkConnectionEnabled: false, pageLoadStrategy: normal, platformName: windows, proxy: Proxy(), se:cdp: ws://localhost:51005/devtoo..., se:cdpVersion: 147.0.7727.102, setWindowRect: true, strictFileInteractability: false, timeouts: {implicit: 0, pageLoad: 300000, script: 30000}, unhandledPromptBehavior: dismiss and notify, webauthn:extension:credBlob: true, webauthn:extension:largeBlob: true, webauthn:extension:minPinLength: true, webauthn:extension:prf: true, webauthn:virtualAuthenticators: true}
Session ID: f1822cd142b0c38a0bbdcaa5a0d4b941
	at org.openqa.selenium.remote.ErrorCodec.decode(ErrorCodec.java:169)
	at org.openqa.selenium.remote.codec.w3c.W3CHttpResponseCodec.decode(W3CHttpResponseCodec.java:142)
	at org.openqa.selenium.remote.codec.w3c.W3CHttpResponseCodec.decode(W3CHttpResponseCodec.java:49)
	at org.openqa.selenium.remote.HttpCommandExecutor.execute(HttpCommandExecutor.java:223)
	at org.openqa.selenium.remote.service.DriverCommandExecutor.invokeExecute(DriverCommandExecutor.java:216)
	at org.openqa.selenium.remote.service.DriverCommandExecutor.execute(DriverCommandExecutor.java:174)
	at org.openqa.selenium.remote.RemoteWebDriver.execute(RemoteWebDriver.java:606)
	at org.openqa.selenium.remote.ElementLocation$ElementFinder$2.findElement(ElementLocation.java:166)
	at org.openqa.selenium.remote.ElementLocation.findElement(ElementLocation.java:60)
	at org.openqa.selenium.remote.RemoteWebDriver.findElement(RemoteWebDriver.java:429)
	at org.openqa.selenium.remote.RemoteWebDriver.findElement(RemoteWebDriver.java:423)
	at logcreation.testlogcreation.validlogincheck(testlogcreation.java:54)
	at java.base/jdk.internal.reflect.DirectMethodHandleAccessor.invoke(DirectMethodHandleAccessor.java:103)
	at java.base/java.lang.reflect.Method.invoke(Method.java:580)
	at org.testng.internal.invokers.MethodInvocationHelper.invokeMethod(MethodInvocationHelper.java:141)
	at org.testng.internal.invokers.TestInvoker.invokeMethod(TestInvoker.java:697)
	at org.testng.internal.invokers.TestInvoker.invokeTestMethod(TestInvoker.java:230)
	at org.testng.internal.invokers.MethodRunner.runInSequence(MethodRunner.java:63)
	at org.testng.internal.invokers.TestInvoker$MethodInvocationAgent.invoke(TestInvoker.java:1005)
	at org.testng.internal.invokers.TestInvoker.invokeTestMethods(TestInvoker.java:203)
	at org.testng.internal.invokers.TestMethodWorker.invokeTestMethods(TestMethodWorker.java:154)
	at org.testng.internal.invokers.TestMethodWorker.run(TestMethodWorker.java:134)
	at java.base/java.util.ArrayList.forEach(ArrayList.java:1597)
	at org.testng.TestRunner.privateRun(TestRunner.java:744)
	at org.testng.TestRunner.run(TestRunner.java:616)
	at org.testng.SuiteRunner.runTest(SuiteRunner.java:421)
	at org.testng.SuiteRunner.runSequentially(SuiteRunner.java:413)
	at org.testng.SuiteRunner.privateRun(SuiteRunner.java:373)
	at org.testng.SuiteRunner.run(SuiteRunner.java:312)
	at org.testng.SuiteRunnerWorker.runSuite(SuiteRunnerWorker.java:52)
	at org.testng.SuiteRunnerWorker.run(SuiteRunnerWorker.java:95)
	at org.testng.TestNG.runSuitesSequentially(TestNG.java:1274)
	at org.testng.TestNG.runSuitesLocally(TestNG.java:1208)
	at org.testng.TestNG.runSuites(TestNG.java:1112)
	at org.testng.TestNG.run(TestNG.java:1079)
	at org.testng.remote.AbstractRemoteTestNG.run(AbstractRemoteTestNG.java:115)
	at org.testng.remote.RemoteTestNG.initAndRun(RemoteTestNG.java:293)
	at org.testng.remote.RemoteTestNG.main(RemoteTestNG.java:91)
[INFO ] 2026-04-22 12:06:10.598 [main] testlogcreation - Closing browser
[INFO ] 2026-04-22 12:08:59.891 [main] testlogcreation - Launching browser
[DEBUG] 2026-04-22 12:09:02.146 [main] testlogcreation - Maximizing window
[DEBUG] 2026-04-22 12:09:02.224 [main] testlogcreation - Setting implicit wait
[INFO ] 2026-04-22 12:09:02.230 [main] testlogcreation - Opening application URL
[INFO ] 2026-04-22 12:09:04.179 [main] testlogcreation - Starting login test
[DEBUG] 2026-04-22 12:09:04.179 [main] testlogcreation - Clicking login button
[DEBUG] 2026-04-22 12:09:04.297 [main] testlogcreation - Entering username
[DEBUG] 2026-04-22 12:09:04.521 [main] testlogcreation - Entering password
[DEBUG] 2026-04-22 12:09:04.603 [main] testlogcreation - Clicking login submit button
[INFO ] 2026-04-22 12:09:04.704 [main] testlogcreation - Verifying login success
[INFO ] 2026-04-22 12:09:06.588 [main] testlogcreation - Login successful
[INFO ] 2026-04-22 12:09:06.596 [main] testlogcreation - Closing browser
