[INFO ] 2026-05-09 08:24:55.263 [TestNG-PoolService-1] HelperClass - URl is launched
[INFO ] 2026-05-09 08:24:55.263 [TestNG-PoolService-2] HelperClass - URl is launched
[INFO ] 2026-05-09 08:28:15.072 [TestNG-PoolService-1] HelperClass - URl is launched
[INFO ] 2026-05-09 08:28:15.072 [TestNG-PoolService-2] HelperClass - URl is launched
[INFO ] 2026-05-09 08:28:19.035 [TestNG-PoolService-2] LoginPageActions - Username and password is sended
[INFO ] 2026-05-09 08:28:19.217 [TestNG-PoolService-1] LoginPageActions - Username and password is sended
[INFO ] 2026-05-09 14:46:24.321 [TestNG-PoolService-1] Hooks - Scenario Started: Login With valid credentials
[INFO ] 2026-05-09 14:46:24.321 [TestNG-PoolService-2] Hooks - Scenario Started: Login with Invalid Credentials
[INFO ] 2026-05-09 14:46:24.621 [TestNG-PoolService-2] HelperClass - URl is launched
[INFO ] 2026-05-09 14:46:24.621 [TestNG-PoolService-1] HelperClass - URl is launched
[INFO ] 2026-05-09 14:46:27.082 [TestNG-PoolService-2] LoginPageActions - Username and password is sended
[INFO ] 2026-05-09 14:46:27.503 [TestNG-PoolService-1] LoginPageActions - Username and password is sended
[ERROR] 2026-05-09 14:46:28.326 [TestNG-PoolService-2] Hooks - Scenario Failed: Login with Invalid Credentials
[ERROR] 2026-05-09 14:46:28.643 [TestNG-PoolService-1] Hooks - Scenario Failed: Login With valid credentials
[INFO ] 2026-05-09 14:48:08.173 [TestNG-PoolService-1] Hooks - Scenario Started: Login With valid credentials
[INFO ] 2026-05-09 14:48:08.193 [TestNG-PoolService-2] Hooks - Scenario Started: Login with Invalid Credentials
[INFO ] 2026-05-09 14:48:08.542 [TestNG-PoolService-1] HelperClass - URl is launched
[INFO ] 2026-05-09 14:48:08.542 [TestNG-PoolService-2] HelperClass - URl is launched
[INFO ] 2026-05-09 14:48:10.858 [TestNG-PoolService-1] LoginPageActions - Username and password is sended
[INFO ] 2026-05-09 14:48:10.870 [TestNG-PoolService-2] LoginPageActions - Username and password is sended
[ERROR] 2026-05-09 14:48:12.103 [TestNG-PoolService-1] Hooks - Scenario Failed: Login With valid credentials
[ERROR] 2026-05-09 14:48:12.123 [TestNG-PoolService-2] Hooks - Scenario Failed: Login with Invalid Credentials
[INFO ] 2026-05-09 14:51:02.654 [TestNG-PoolService-1] Hooks - Scenario Started: Login With valid credentials
[INFO ] 2026-05-09 14:51:02.654 [TestNG-PoolService-2] Hooks - Scenario Started: Login with Invalid Credentials
[INFO ] 2026-05-09 14:51:02.885 [TestNG-PoolService-1] HelperClass - URl is launched
[INFO ] 2026-05-09 14:51:02.885 [TestNG-PoolService-2] HelperClass - URl is launched
[INFO ] 2026-05-09 14:51:05.001 [TestNG-PoolService-1] LoginPageActions - Username and password is sended
[INFO ] 2026-05-09 14:51:05.366 [TestNG-PoolService-2] LoginPageActions - Username and password is sended
[INFO ] 2026-05-09 14:51:07.441 [TestNG-PoolService-2] Hooks - Scenario Passed: Login with Invalid Credentials
[INFO ] 2026-05-09 14:51:08.510 [TestNG-PoolService-1] Hooks - Scenario Passed: Login With valid credentials
[INFO ] 2026-05-09 14:55:42.859 [TestNG-PoolService-1] Hooks - Scenario Started: Login With valid credentials
[INFO ] 2026-05-09 14:55:42.866 [TestNG-PoolService-2] Hooks - Scenario Started: Login with Invalid Credentials
[INFO ] 2026-05-09 14:55:43.202 [TestNG-PoolService-2] HelperClass - URl is launched
[INFO ] 2026-05-09 14:55:43.202 [TestNG-PoolService-1] HelperClass - URl is launched
[INFO ] 2026-05-09 14:55:45.614 [TestNG-PoolService-1] LoginPageActions - Username and password is sended
[INFO ] 2026-05-09 14:55:45.615 [TestNG-PoolService-2] LoginPageActions - Username and password is sended
[INFO ] 2026-05-09 14:55:49.039 [TestNG-PoolService-1] Hooks - Scenario Passed: Login With valid credentials
[INFO ] 2026-05-09 14:58:09.554 [TestNG-PoolService-1] Hooks - Scenario Started: Login With valid credentials
[INFO ] 2026-05-09 14:58:09.556 [TestNG-PoolService-2] Hooks - Scenario Started: Login with Invalid Credentials
[INFO ] 2026-05-09 14:58:09.876 [TestNG-PoolService-2] HelperClass - URl is launched
[INFO ] 2026-05-09 14:58:09.876 [TestNG-PoolService-1] HelperClass - URl is launched
[INFO ] 2026-05-09 14:58:11.753 [TestNG-PoolService-1] LoginPageActions - Username and password is sended
[INFO ] 2026-05-09 14:58:11.995 [TestNG-PoolService-2] LoginPageActions - Username and password is sended
[INFO ] 2026-05-09 14:58:14.190 [TestNG-PoolService-2] Hooks - Scenario Passed: Login with Invalid Credentials
[INFO ] 2026-05-09 14:58:15.525 [TestNG-PoolService-1] Hooks - Scenario Passed: Login With valid credentials
